proguard/mapping.txt
dev.blacksheep.reddmine.WelcomeActivity$generateWallet$1 -> anq:
    dev.blacksheep.reddmine.WelcomeActivity$generateWallet this$1 -> a
    void run() -> run
dev.blacksheep.reddmine.adapters.HelpAdapters -> anr:
    android.content.Context context -> a
    java.util.ArrayList data -> b
    android.view.LayoutInflater inflater -> c
    int getCount() -> getCount
    java.lang.Object getItem(int) -> getItem
    long getItemId(int) -> getItemId
    android.view.View getView(int,android.view.View,android.view.ViewGroup) -> getView
dev.blacksheep.reddmine.adapters.HelpAdapters$ViewHolder -> ans:
    android.widget.TextView tvText -> a
dev.blacksheep.reddmine.classes.MCrypt -> ant:
    char[] HEX_CHARS -> a
    java.lang.String iv -> b
    javax.crypto.spec.IvParameterSpec ivspec -> c
    javax.crypto.spec.SecretKeySpec keyspec -> d
    javax.crypto.Cipher cipher -> e
    java.lang.String SecretKey -> f
    byte[] encrypt(java.lang.String) -> a
    java.lang.String bytesToHex(byte[]) -> a
    java.lang.String padString(java.lang.String) -> b
dev.blacksheep.reddmine.fragments.HelpFragment -> anu:
    android.view.View onCreateView(android.view.LayoutInflater,android.view.ViewGroup,android.os.Bundle) -> a
dev.blacksheep.reddmine.fragments.MainFragment -> anv:
    android.widget.SeekBar sbWinAmount -> a
    android.widget.TextView tvMinesResult -> b
    android.widget.TextView tvGameResult -> c
    android.widget.TextView tvReddAddress -> d
    android.widget.TextView tvReddRemaining -> e
    android.widget.TextView tvStopAndDraw -> f
    java.text.DecimalFormat decimalFormat -> g
    info.hoang8f.widget.FButton bPlayNow -> h
    android.widget.EditText etReddAmountToBet -> i
    int minesAmount -> aj
    int timeToIncreaseMultiplier -> ak
    int buttonsPressed -> al
    java.util.ArrayList minesButtons -> am
    java.lang.String shaResult -> an
    java.lang.String cryptedShaResult -> ao
    java.util.ArrayList minesArray -> ap
    com.securepreferences.SecurePreferences sp -> aq
    double availableCoins -> ar
    double winMultiplier -> as
    double currentGameMultipler -> at
    boolean gameInProgress -> au
    boolean allowCheckout -> av
    double defaultMultiplier -> aw
    dev.blacksheep.reddmine.fragments.MainFragment$getBalance mTaskGetBalance -> ax
    dev.blacksheep.reddmine.fragments.MainFragment$requestPayment mTaskRequestPayment -> ay
    android.view.View onCreateView(android.view.LayoutInflater,android.view.ViewGroup,android.os.Bundle) -> a
    void setSeekBarAndMultiplier() -> a
    void endGame(java.util.ArrayList,boolean) -> a
    void reset() -> b
    void generateRandomMinefield() -> M
    void showBannedDialog() -> N
    void onPause() -> r
dev.blacksheep.reddmine.fragments.MainFragment$1 -> anw:
    dev.blacksheep.reddmine.fragments.MainFragment this$0 -> a
    void afterTextChanged(android.text.Editable) -> afterTextChanged
    void beforeTextChanged(java.lang.CharSequence,int,int,int) -> beforeTextChanged
    void onTextChanged(java.lang.CharSequence,int,int,int) -> onTextChanged
dev.blacksheep.reddmine.fragments.MainFragment$2 -> anx:
    dev.blacksheep.reddmine.fragments.MainFragment this$0 -> a
    void onClick(android.view.View) -> onClick
    dev.blacksheep.reddmine.fragments.MainFragment access$0(dev.blacksheep.reddmine.fragments.MainFragment$2) -> a
dev.blacksheep.reddmine.fragments.MainFragment$2$1 -> any:
    dev.blacksheep.reddmine.fragments.MainFragment$2 this$1 -> a
    android.widget.Button val$b -> b
    void onClick(android.view.View) -> onClick
dev.blacksheep.reddmine.fragments.MainFragment$3 -> anz:
    dev.blacksheep.reddmine.fragments.MainFragment this$0 -> a
    void onClick(android.view.View) -> onClick
dev.blacksheep.reddmine.fragments.MainFragment$4 -> aoa:
    dev.blacksheep.reddmine.fragments.MainFragment this$0 -> a
    void onClick(android.view.View) -> onClick