proguard/usage.txt
com.google.gson.internal.bind.CollectionTypeAdapterFactory
com.google.gson.internal.bind.CollectionTypeAdapterFactory$Adapter
com.google.gson.internal.bind.DateTypeAdapter
com.google.gson.internal.bind.DateTypeAdapter$1
com.google.gson.internal.bind.JsonTreeReader
com.google.gson.internal.bind.JsonTreeReader$1
com.google.gson.internal.bind.JsonTreeWriter
com.google.gson.internal.bind.JsonTreeWriter$1
com.google.gson.internal.bind.MapTypeAdapterFactory
com.google.gson.internal.bind.MapTypeAdapterFactory$Adapter
com.google.gson.internal.bind.ObjectTypeAdapter
com.google.gson.internal.bind.ObjectTypeAdapter$1
com.google.gson.internal.bind.ObjectTypeAdapter$2
com.google.gson.internal.bind.ReflectiveTypeAdapterFactory
com.google.gson.internal.bind.ReflectiveTypeAdapterFactory$1
com.google.gson.internal.bind.ReflectiveTypeAdapterFactory$Adapter
com.google.gson.internal.bind.ReflectiveTypeAdapterFactory$BoundField
com.google.gson.internal.bind.SqlDateTypeAdapter
com.google.gson.internal.bind.SqlDateTypeAdapter$1
com.google.gson.internal.bind.TimeTypeAdapter
com.google.gson.internal.bind.TimeTypeAdapter$1
com.google.gson.internal.bind.TypeAdapterRuntimeTypeWrapper
com.google.gson.internal.bind.TypeAdapters
com.google.gson.internal.bind.TypeAdapters$1
com.google.gson.internal.bind.TypeAdapters$10
com.google.gson.internal.bind.TypeAdapters$11
com.google.gson.internal.bind.TypeAdapters$12
com.google.gson.internal.bind.TypeAdapters$13
com.google.gson.internal.bind.TypeAdapters$14
com.google.gson.internal.bind.TypeAdapters$15
com.google.gson.internal.bind.TypeAdapters$16
com.google.gson.internal.bind.TypeAdapters$17
com.google.gson.internal.bind.TypeAdapters$18
com.google.gson.internal.bind.TypeAdapters$19
com.google.gson.internal.bind.TypeAdapters$2
com.google.gson.internal.bind.TypeAdapters$20
com.google.gson.internal.bind.TypeAdapters$21
com.google.gson.internal.bind.TypeAdapters$22
com.google.gson.internal.bind.TypeAdapters$22$1
com.google.gson.internal.bind.TypeAdapters$23
com.google.gson.internal.bind.TypeAdapters$24
com.google.gson.internal.bind.TypeAdapters$25
com.google.gson.internal.bind.TypeAdapters$26
com.google.gson.internal.bind.TypeAdapters$27
com.google.gson.internal.bind.TypeAdapters$28
com.google.gson.internal.bind.TypeAdapters$29
com.google.gson.internal.bind.TypeAdapters$3
com.google.gson.internal.bind.TypeAdapters$30
com.google.gson.internal.bind.TypeAdapters$31
com.google.gson.internal.bind.TypeAdapters$32
com.google.gson.internal.bind.TypeAdapters$4
com.google.gson.internal.bind.TypeAdapters$5
com.google.gson.internal.bind.TypeAdapters$6
com.google.gson.internal.bind.TypeAdapters$7
com.google.gson.internal.bind.TypeAdapters$8
com.google.gson.internal.bind.TypeAdapters$9
com.google.gson.internal.bind.TypeAdapters$EnumTypeAdapter
com.google.gson.reflect.TypeToken
com.google.gson.stream.JsonReader
com.google.gson.stream.JsonReader$1
com.google.gson.stream.JsonScope
com.google.gson.stream.JsonToken
com.google.gson.stream.JsonWriter
com.google.gson.stream.MalformedJsonException
com.google.zxing.BinaryBitmap:
    92:92:public boolean isCropSupported()
    106:107:public com.google.zxing.BinaryBitmap crop(int,int,int,int)
    135:136:public com.google.zxing.BinaryBitmap rotateCounterClockwise45()
com.google.zxing.LuminanceSource:
    80:80:public boolean isCropSupported()
    94:94:public com.google.zxing.LuminanceSource crop(int,int,int,int)
    121:121:public com.google.zxing.LuminanceSource rotateCounterClockwise45()
com.google.zxing.MultiFormatReader:
    54:55:public com.google.zxing.Result decode(com.google.zxing.BinaryBitmap)
com.google.zxing.MultiFormatWriter:
    45:45:public com.google.zxing.common.BitMatrix encode(java.lang.String,com.google.zxing.BarcodeFormat,int,int)
com.google.zxing.PlanarYUVLuminanceSource
com.google.zxing.RGBLuminanceSource
com.google.zxing.Reader:
    public abstract com.google.zxing.Result decode(com.google.zxing.BinaryBitmap)